2025-12-06 23:51:07,862 INFO: Ecommerce startup [in D:\codedtx\JBIT\ECOM\backend\app.py:37]
2025-12-06 23:52:38,420 INFO: Login attempt for: 'admin@admin.com' [in D:\codedtx\JBIT\ECOM\backend\routes\auth.py:43]
2025-12-07 00:11:11,177 WARNING: role_required: verify_jwt_in_request failed: Signature has expired; Authorization=Bearer eyJhbGciOiJIUzI1NiIsInR5cCI6IkpXVCJ9.eyJmcmVzaCI6ZmFsc2UsImlhdCI6MTc2NTA0NTM1OCwianRpIjoiN2ZlM2Y5YTMtMTA5My00OWZhLTk3ZjktOTE5Nzc3NzFlMTU0IiwidHlwZSI6ImFjY2VzcyIsInN1YiI6IjEiLCJuYmYiOjE3NjUwNDUzNTgsImNzcmYiOiJiMjc5OThmNS1iODAyLTRmY2UtYTFlZi0xM2VkNmJkMDY1NzEiLCJleHAiOjE3NjUwNDYyNTgsInJvbGUiOiJhZG1pbiIsImNsaWVudF9pZCI6bnVsbH0.Dth0F0za41n_NnJnD9xBeoHnvXkPHLjaRyaLiGyu6zI [in D:\codedtx\JBIT\ECOM\backend\utils.py:20]
2025-12-07 00:11:24,922 INFO: Login attempt for: 'admin@admin.com' [in D:\codedtx\JBIT\ECOM\backend\routes\auth.py:43]
2025-12-07 00:12:58,344 INFO: Ecommerce startup [in D:\codedtx\JBIT\ECOM\backend\app.py:37]
2025-12-07 00:15:43,757 INFO: Ecommerce startup [in D:\codedtx\JBIT\ECOM\backend\app.py:37]
2025-12-07 00:16:59,023 INFO: Ecommerce startup [in D:\codedtx\JBIT\ECOM\backend\app.py:38]
2025-12-07 00:17:19,841 INFO: Ecommerce startup [in D:\codedtx\JBIT\ECOM\backend\app.py:38]
2025-12-07 00:19:54,391 INFO: Ecommerce startup [in D:\codedtx\JBIT\ECOM\backend\app.py:38]
2025-12-07 00:22:56,552 INFO: Ecommerce startup [in D:\codedtx\JBIT\ECOM\backend\app.py:38]
2025-12-07 00:24:39,594 INFO: Login attempt for: 'seller@example.com' [in D:\codedtx\JBIT\ECOM\backend\routes\auth.py:43]
2025-12-07 00:27:05,747 INFO: Ecommerce startup [in D:\codedtx\JBIT\ECOM\backend\app.py:38]
2025-12-07 00:27:53,783 INFO: Ecommerce startup [in D:\codedtx\JBIT\ECOM\backend\app.py:38]
2025-12-07 00:28:27,901 INFO: Ecommerce startup [in D:\codedtx\JBIT\ECOM\backend\app.py:38]
2025-12-07 00:30:51,545 INFO: Login attempt for: 'admin@admin.com' [in D:\codedtx\JBIT\ECOM\backend\routes\auth.py:43]
2025-12-07 00:33:34,545 INFO: Ecommerce startup [in D:\codedtx\JBIT\ECOM\backend\app.py:38]
2025-12-07 00:34:05,775 INFO: Ecommerce startup [in D:\codedtx\JBIT\ECOM\backend\app.py:38]
2025-12-07 00:48:35,222 INFO: Ecommerce startup [in D:\codedtx\JBIT\ECOM\backend\app.py:38]
2025-12-07 00:48:52,911 INFO: Login attempt for: 'user@example.com' [in D:\codedtx\JBIT\ECOM\backend\routes\auth.py:43]
2025-12-07 00:49:40,864 INFO: NOTIFICATION: To=user@example.com, Subject=Payment Success, Msg=Order #2 paid. [in D:\codedtx\JBIT\ECOM\backend\utils.py:85]
2025-12-07 00:50:25,774 INFO: Login attempt for: 'seller@example.com' [in D:\codedtx\JBIT\ECOM\backend\routes\auth.py:43]
2025-12-07 00:53:35,481 INFO: Ecommerce startup [in D:\codedtx\JBIT\ECOM\backend\app.py:38]
2025-12-07 00:55:26,924 INFO: NOTIFICATION: To=user@example.com, Subject=Payment Failed for Order #4, Msg=Your payment for order #4 of 1000.0 failed. Reason: Your payment didn't go through due to a temporary issue. Any debited amount will be refunded in 4-5 business days.. Stock has been released. [in D:\codedtx\JBIT\ECOM\backend\utils.py:85]
2025-12-07 00:55:34,610 WARNING: role_required: insufficient role - have=user need=('admin',) [in D:\codedtx\JBIT\ECOM\backend\utils.py:26]
2025-12-07 00:55:34,619 WARNING: role_required: insufficient role - have=user need=('admin',) [in D:\codedtx\JBIT\ECOM\backend\utils.py:26]
2025-12-07 00:55:38,618 WARNING: role_required: insufficient role - have=user need=('admin',) [in D:\codedtx\JBIT\ECOM\backend\utils.py:26]
2025-12-07 00:55:38,626 WARNING: role_required: insufficient role - have=user need=('admin',) [in D:\codedtx\JBIT\ECOM\backend\utils.py:26]
2025-12-07 00:55:38,633 WARNING: role_required: insufficient role - have=user need=('admin',) [in D:\codedtx\JBIT\ECOM\backend\utils.py:26]
2025-12-07 00:55:38,645 WARNING: role_required: insufficient role - have=user need=('admin',) [in D:\codedtx\JBIT\ECOM\backend\utils.py:26]
2025-12-07 00:57:39,307 INFO: Ecommerce startup [in D:\codedtx\JBIT\ECOM\backend\app.py:38]
2025-12-07 00:59:26,038 INFO: Ecommerce startup [in D:\codedtx\JBIT\ECOM\backend\app.py:38]
2025-12-07 01:00:25,842 INFO: NOTIFICATION: To=user@example.com, Subject=Payment Success, Msg=Order #5 paid. [in D:\codedtx\JBIT\ECOM\backend\utils.py:85]
2025-12-07 01:04:43,199 INFO: Ecommerce startup [in D:\codedtx\JBIT\ECOM\backend\app.py:38]
2025-12-07 01:06:51,139 INFO: Login attempt for: 'seller@example.com' [in D:\codedtx\JBIT\ECOM\backend\routes\auth.py:43]
2025-12-07 01:07:50,688 INFO: Login attempt for: 'user@example.com' [in D:\codedtx\JBIT\ECOM\backend\routes\auth.py:43]
2025-12-07 01:09:52,900 INFO: Login attempt for: 'admin@admin.com' [in D:\codedtx\JBIT\ECOM\backend\routes\auth.py:43]
2025-12-07 01:10:18,388 INFO: NOTIFICATION: To=admin@admin.com, Subject=Hello, Msg=Hi [in D:\codedtx\JBIT\ECOM\backend\utils.py:85]
2025-12-07 01:10:19,972 INFO: NOTIFICATION: To=seller@example.com, Subject=Hello, Msg=Hi [in D:\codedtx\JBIT\ECOM\backend\utils.py:85]
2025-12-07 01:10:21,198 INFO: NOTIFICATION: To=user@example.com, Subject=Hello, Msg=Hi [in D:\codedtx\JBIT\ECOM\backend\utils.py:85]
2025-12-07 01:16:01,192 INFO: Ecommerce startup [in D:\codedtx\JBIT\ECOM\backend\app.py:38]
2025-12-07 01:16:38,994 INFO: Ecommerce startup [in D:\codedtx\JBIT\ECOM\backend\app.py:38]
2025-12-07 01:17:06,945 INFO: Ecommerce startup [in D:\codedtx\JBIT\ECOM\backend\app.py:39]
2025-12-07 01:17:34,355 INFO: Ecommerce startup [in D:\codedtx\JBIT\ECOM\backend\app.py:39]
2025-12-07 01:20:50,452 INFO: Login attempt for: 'seller@example.com' [in D:\codedtx\JBIT\ECOM\backend\routes\auth.py:43]
2025-12-07 01:23:11,915 INFO: Ecommerce startup [in D:\codedtx\JBIT\ECOM\backend\app.py:39]
2025-12-07 01:41:08,702 WARNING: role_required: verify_jwt_in_request failed: Signature has expired; Authorization=Bearer eyJhbGciOiJIUzI1NiIsInR5cCI6IkpXVCJ9.eyJmcmVzaCI6ZmFsc2UsImlhdCI6MTc2NTA0OTgxMSwianRpIjoiNjdhMWZlMDYtNWM2MS00Nzc2LWJmYjAtMGU5ZjhmN2FiNDkyIiwidHlwZSI6ImFjY2VzcyIsInN1YiI6IjIiLCJuYmYiOjE3NjUwNDk4MTEsImNzcmYiOiJhNzE4ZDMyMy01NDFiLTRiNDMtODg4ZC05NDE3ZmZmOWU4ZWEiLCJleHAiOjE3NjUwNTA3MTEsInJvbGUiOiJzZWxsZXIiLCJjbGllbnRfaWQiOm51bGx9.mpOLniAb49Cdp9JE476Bw7HYInMvsDRm5WHAUi6HKiU [in D:\codedtx\JBIT\ECOM\backend\utils.py:20]
2025-12-07 01:41:08,705 WARNING: role_required: verify_jwt_in_request failed: Signature has expired; Authorization=Bearer eyJhbGciOiJIUzI1NiIsInR5cCI6IkpXVCJ9.eyJmcmVzaCI6ZmFsc2UsImlhdCI6MTc2NTA0OTgxMSwianRpIjoiNjdhMWZlMDYtNWM2MS00Nzc2LWJmYjAtMGU5ZjhmN2FiNDkyIiwidHlwZSI6ImFjY2VzcyIsInN1YiI6IjIiLCJuYmYiOjE3NjUwNDk4MTEsImNzcmYiOiJhNzE4ZDMyMy01NDFiLTRiNDMtODg4ZC05NDE3ZmZmOWU4ZWEiLCJleHAiOjE3NjUwNTA3MTEsInJvbGUiOiJzZWxsZXIiLCJjbGllbnRfaWQiOm51bGx9.mpOLniAb49Cdp9JE476Bw7HYInMvsDRm5WHAUi6HKiU [in D:\codedtx\JBIT\ECOM\backend\utils.py:20]
2025-12-07 01:41:24,216 INFO: Login attempt for: 'seller@example.com' [in D:\codedtx\JBIT\ECOM\backend\routes\auth.py:43]
2025-12-07 12:42:04,070 INFO: Ecommerce startup [in D:\codedtx\JBIT\ECOM\backend\app.py:39]
2025-12-07 12:42:07,691 INFO: Ecommerce startup [in D:\codedtx\JBIT\ECOM\backend\app.py:39]
2025-12-07 12:42:32,313 INFO: Login attempt for: 'seller@example.com' [in D:\codedtx\JBIT\ECOM\backend\routes\auth.py:43]
2025-12-07 12:52:52,310 INFO: Ecommerce startup [in D:\codedtx\JBIT\ECOM\backend\app.py:39]
2025-12-07 13:00:49,867 INFO: Login attempt for: 'user@example.com' [in D:\codedtx\JBIT\ECOM\backend\routes\auth.py:43]
2025-12-07 13:07:16,578 INFO: Ecommerce startup [in D:\codedtx\JBIT\ECOM\backend\app.py:39]
2025-12-07 13:24:32,505 INFO: Login attempt for: 'user@example.com' [in D:\codedtx\JBIT\ECOM\backend\routes\auth.py:43]
2025-12-07 13:35:51,035 INFO: Login attempt for: 'user@example.com' [in D:\codedtx\JBIT\ECOM\backend\routes\auth.py:43]
2025-12-07 13:41:00,235 INFO: Login attempt for: 'seller@example.com' [in D:\codedtx\JBIT\ECOM\backend\routes\auth.py:43]
2025-12-07 13:41:45,626 WARNING: role_required: verify_jwt_in_request failed: Missing Authorization Header; Authorization=None [in D:\codedtx\JBIT\ECOM\backend\utils.py:20]
2025-12-07 13:42:02,507 INFO: Login attempt for: 'seller@example.com' [in D:\codedtx\JBIT\ECOM\backend\routes\auth.py:43]
2025-12-07 13:46:12,716 INFO: Ecommerce startup [in D:\codedtx\JBIT\ECOM\backend\app.py:39]
2025-12-07 13:48:32,805 INFO: Ecommerce startup [in D:\codedtx\JBIT\ecom\backend\app.py:39]
2025-12-07 13:48:47,834 INFO: Ecommerce startup [in D:\codedtx\JBIT\ECOM\backend\app.py:39]
2025-12-07 13:49:00,964 INFO: Ecommerce startup [in D:\codedtx\JBIT\ecom\backend\app.py:39]
2025-12-07 13:49:02,300 INFO: Login attempt for: 'seller@test.com' [in D:\codedtx\JBIT\ecom\backend\routes\auth.py:43]
2025-12-07 13:52:42,204 INFO: Ecommerce startup [in D:\codedtx\JBIT\ECOM\backend\app.py:39]
2025-12-07 13:52:56,680 INFO: Ecommerce startup [in D:\codedtx\JBIT\ECOM\backend\app.py:39]
2025-12-07 13:54:08,141 INFO: Ecommerce startup [in D:\codedtx\JBIT\ECOM\backend\app.py:39]
2025-12-07 13:54:12,933 INFO: Ecommerce startup [in D:\codedtx\JBIT\ECOM\backend\app.py:39]
2025-12-07 13:56:10,844 INFO: Ecommerce startup [in D:\codedtx\JBIT\ecom\backend\app.py:39]
2025-12-07 13:56:44,786 INFO: Ecommerce startup [in D:\codedtx\JBIT\ecom\backend\app.py:39]
2025-12-07 13:57:41,104 INFO: Ecommerce startup [in D:\codedtx\JBIT\ecom\backend\app.py:39]
2025-12-07 13:58:28,819 INFO: Login attempt for: 'seller@example.com' [in D:\codedtx\JBIT\ECOM\backend\routes\auth.py:43]
2025-12-07 13:58:36,200 INFO: Login attempt for: 'seller@example.com' [in D:\codedtx\JBIT\ECOM\backend\routes\auth.py:43]
2025-12-07 13:59:19,763 ERROR: AI Error: 403 PERMISSION_DENIED. {'error': {'code': 403, 'message': 'Your API key was reported as leaked. Please use another API key.', 'status': 'PERMISSION_DENIED'}} [in D:\codedtx\JBIT\ECOM\backend\routes\ai.py:33]
2025-12-07 14:00:21,376 INFO: Ecommerce startup [in D:\codedtx\JBIT\ECOM\backend\app.py:39]
2025-12-07 14:00:33,124 INFO: Ecommerce startup [in D:\codedtx\JBIT\ECOM\backend\app.py:39]
2025-12-07 14:01:00,921 INFO: Ecommerce startup [in D:\codedtx\JBIT\ecom\backend\app.py:39]
2025-12-07 14:01:02,448 ERROR: AI Error generate_from_image: cannot identify image file <_io.BytesIO object at 0x000002B73A96A020>
Traceback (most recent call last):
  File "D:\codedtx\JBIT\ecom\backend\routes\ai.py", line 23, in generate_from_image
    pil_image = Image.open(io.BytesIO(image_data))
  File "C:\Users\hp\AppData\Roaming\Python\Python313\site-packages\PIL\Image.py", line 3572, in open
    raise UnidentifiedImageError(msg)
PIL.UnidentifiedImageError: cannot identify image file <_io.BytesIO object at 0x000002B73A96A020>
 [in D:\codedtx\JBIT\ecom\backend\routes\ai.py:43]
